<?xml version="1.0" encoding="UTF-8"?>
<!-- Generated by org.testng.reporters.JUnitXMLReporter -->
<testsuite ignored="0" hostname="Mirzetas-MacBook-Pro-16.local" failures="0" tests="9" name="Seacrh for specific item and see details" time="3.242" errors="0" timestamp="06 Jun 2021 13:27:56 GMT">
  <testcase classname="regression.SearchForSpecificProduct" name="verifyHomepage" time="0.168"/>
  <testcase classname="regression.SearchForSpecificProduct" name="clickViewItemsButton" time="0.484"/>
  <testcase classname="regression.SearchForSpecificProduct" name="verifyDisplayedTableTitle" time="0.138"/>
  <testcase classname="regression.SearchForSpecificProduct" name="openSpecificProduct" time="0.298"/>
  <testcase classname="regression.SearchForSpecificProduct" name="verifyProductID" time="0.155"/>
  <testcase classname="regression.SearchForSpecificProduct" name="verifySpecificProductName" time="0.157"/>
  <testcase classname="regression.SearchForSpecificProduct" name="verifySpecificProductMaterial" time="0.139"/>
  <testcase classname="regression.SearchForSpecificProduct" name="verifySpecificProductManufacturer" time="0.132"/>
  <testcase classname="regression.SearchForSpecificProduct" name="verifyProductPrice" time="0.133"/>
</testsuite> <!-- Seacrh for specific item and see details -->
