<?xml version="1.0" encoding="UTF-8"?>
<!-- Generated by org.testng.reporters.JUnitXMLReporter -->
<testsuite ignored="0" hostname="Mirzetas-MacBook-Pro-16.local" failures="0" tests="4" name="View all displayed products" time="3.641" errors="0" timestamp="06 Jun 2021 13:27:45 GMT">
  <testcase classname="regression.ViewAllItems" name="verifyHomepage" time="0.207"/>
  <testcase classname="regression.ViewAllItems" name="clickViewItemsButton" time="0.346"/>
  <testcase classname="regression.ViewAllItems" name="verifyDisplayedTableTitle" time="0.134"/>
  <testcase classname="regression.ViewAllItems" name="checkAllItemsInTable" time="0.24"/>
</testsuite> <!-- View all displayed products -->
