<?xml version="1.0" encoding="UTF-8"?>
<testsuite xmlns:xsi="http://www.w3.org/2001/XMLSchema-instance" xsi:schemaLocation="https://maven.apache.org/surefire/maven-surefire-plugin/xsd/surefire-test-report.xsd" name="TestSuite" time="20.414" tests="22" errors="0" skipped="0" failures="0">
  <properties>
[...]
</properties>
  <testcase name="verifyHomepage" classname="regression.ViewAllItems" time="0.207"/>
  <testcase name="clickViewItemsButton" classname="regression.ViewAllItems" time="0.346"/>
  <testcase name="verifyDisplayedTableTitle" classname="regression.ViewAllItems" time="0.134"/>
  <testcase name="checkAllItemsInTable" classname="regression.ViewAllItems" time="0.239"/>
  <testcase name="verifyHomepage" classname="regression.VerifySpecificItem" time="0.162"/>
  <testcase name="clickViewItemsButton" classname="regression.VerifySpecificItem" time="0.329"/>
  <testcase name="verifyDisplayedTableTitle" classname="regression.VerifySpecificItem" time="0.134"/>
  <testcase name="openSpecificProduct" classname="regression.VerifySpecificItem" time="0.285"/>
  <testcase name="verifyProductID" classname="regression.VerifySpecificItem" time="0.157"/>
  <testcase name="verifySpecificProductName" classname="regression.VerifySpecificItem" time="0.157"/>
  <testcase name="verifySpecificProductMaterial" classname="regression.VerifySpecificItem" time="0.135"/>
  <testcase name="verifySpecificProductManufacturer" classname="regression.VerifySpecificItem" time="0.133"/>
  <testcase name="verifyProductPrice" classname="regression.VerifySpecificItem" time="0.131"/>
  <testcase name="verifyHomepage" classname="regression.SearchForSpecificProduct" time="0.169"/>
  <testcase name="clickViewItemsButton" classname="regression.SearchForSpecificProduct" time="0.484"/>
  <testcase name="verifyDisplayedTableTitle" classname="regression.SearchForSpecificProduct" time="0.139"/>
  <testcase name="openSpecificProduct" classname="regression.SearchForSpecificProduct" time="0.298"/>
  <testcase name="verifyProductID" classname="regression.SearchForSpecificProduct" time="0.156"/>
  <testcase name="verifySpecificProductName" classname="regression.SearchForSpecificProduct" time="0.157"/>
  <testcase name="verifySpecificProductMaterial" classname="regression.SearchForSpecificProduct" time="0.139"/>
  <testcase name="verifySpecificProductManufacturer" classname="regression.SearchForSpecificProduct" time="0.133"/>
  <testcase name="verifyProductPrice" classname="regression.SearchForSpecificProduct" time="0.133"/>
</testsuite>